<?xml version="1.0" encoding="UTF-8"?>
<!-- Generated by org.testng.reporters.JUnitXMLReporter -->
<testsuite ignored="0" hostname="CBR-LAP-DEL3221" failures="0" tests="4" name="Default test" time="33.467" errors="0" timestamp="2021-04-12T12:35:26 IST">
  <testcase classname="com.lnx.tests.TC_lnx_addLead" name="navigateToLoginScreen" time="3.655"/>
  <testcase classname="com.lnx.tests.TC_lnx_addLead" name="loginToLennox" time="5.561"/>
  <testcase classname="com.lnx.tests.TC_lnx_addLead" name="menuNavigation" time="9.218"/>
  <testcase classname="com.lnx.tests.TC_lnx_addLead" name="addLeadandSave" time="5.218"/>
</testsuite> <!-- Default test -->
